\BOOKMARK [1][-]{section.1}{Notation and Conventions}{}% 1
\BOOKMARK [1][-]{section.2}{Portfolio Representation \(portfolio.py\)}{}% 2
\BOOKMARK [2][-]{subsection.2.1}{Structure}{section.2}% 3
\BOOKMARK [2][-]{subsection.2.2}{Single-Step Portfolio Return}{section.2}% 4
\BOOKMARK [2][-]{subsection.2.3}{Portfolio Value Path}{section.2}% 5
\BOOKMARK [1][-]{section.3}{Multivariate Returns Model \(returns\137model.py\)}{}% 6
\BOOKMARK [2][-]{subsection.3.1}{Model Specification}{section.3}% 7
\BOOKMARK [2][-]{subsection.3.2}{Covariance Matrix Validation}{section.3}% 8
\BOOKMARK [2][-]{subsection.3.3}{Simulation Algorithm}{section.3}% 9
\BOOKMARK [2][-]{subsection.3.4}{Default Calibration \(from tests and dashboard\)}{section.3}% 10
\BOOKMARK [1][-]{section.4}{Monte Carlo Engine \(monte\137carlo.py\)}{}% 11
\BOOKMARK [2][-]{subsection.4.1}{Overview}{section.4}% 12
\BOOKMARK [2][-]{subsection.4.2}{Path Simulation}{section.4}% 13
\BOOKMARK [2][-]{subsection.4.3}{Final Value Distribution}{section.4}% 14
\BOOKMARK [1][-]{section.5}{Risk Metrics \(risk\137metrics.py\)}{}% 15
\BOOKMARK [2][-]{subsection.5.1}{Value at Risk \(VaR\)}{section.5}% 16
\BOOKMARK [2][-]{subsection.5.2}{Conditional Value at Risk \(CVaR / Expected Shortfall\)}{section.5}% 17
\BOOKMARK [2][-]{subsection.5.3}{Maximum Drawdown}{section.5}% 18
\BOOKMARK [1][-]{section.6}{Stress Testing Framework \(scenarios/\)}{}% 19
\BOOKMARK [2][-]{subsection.6.1}{Design Pattern}{section.6}% 20
\BOOKMARK [2][-]{subsection.6.2}{Equity Crash Scenario \(EquityCrashScenario\)}{section.6}% 21
\BOOKMARK [2][-]{subsection.6.3}{Volatility Spike Scenario \(VolatilitySpikeScenario\)}{section.6}% 22
\BOOKMARK [2][-]{subsection.6.4}{Combined Stress Scenario \(CombinedStressScenario\)}{section.6}% 23
\BOOKMARK [1][-]{section.7}{End-to-End Computational Pipeline}{}% 24
\BOOKMARK [1][-]{section.8}{Portfolio Return Distribution: Analytical Properties}{}% 25
\BOOKMARK [1][-]{section.9}{Module Architecture Summary}{}% 26
\BOOKMARK [1][-]{section.10}{Limitations and Potential Extensions}{}% 27
